<?xml version="1.0" encoding="UTF-8"?>
<coverage generated="1670227505695" clover="3.2.0">
  <project timestamp="1670227505696" name="All files">
    <metrics statements="15" coveredstatements="15" conditionals="24" coveredconditionals="23" methods="2" coveredmethods="2" elements="41" coveredelements="40" complexity="0" loc="15" ncloc="15" packages="2" files="2" classes="2"/>
    <package name="problem1">
      <metrics statements="6" coveredstatements="6" conditionals="4" coveredconditionals="4" methods="1" coveredmethods="1"/>
      <file name="promble1.js" path="C:\Users\Devi Andri Aldi\Documents\altera\materi-Day-2\testing.js\problem1\promble1.js">
        <metrics statements="6" coveredstatements="6" conditionals="4" coveredconditionals="4" methods="1" coveredmethods="1"/>
        <line num="2" count="3" type="cond" truecount="2" falsecount="0"/>
        <line num="3" count="1" type="stmt"/>
        <line num="4" count="2" type="cond" truecount="2" falsecount="0"/>
        <line num="5" count="1" type="stmt"/>
        <line num="7" count="1" type="stmt"/>
        <line num="11" count="1" type="stmt"/>
      </file>
    </package>
    <package name="problem2">
      <metrics statements="9" coveredstatements="9" conditionals="20" coveredconditionals="19" methods="1" coveredmethods="1"/>
      <file name="problem2.js" path="C:\Users\Devi Andri Aldi\Documents\altera\materi-Day-2\testing.js\problem2\problem2.js">
        <metrics statements="9" coveredstatements="9" conditionals="20" coveredconditionals="19" methods="1" coveredmethods="1"/>
        <line num="2" count="5" type="stmt"/>
        <line num="4" count="5" type="cond" truecount="4" falsecount="0"/>
        <line num="5" count="4" type="cond" truecount="3" falsecount="1"/>
        <line num="6" count="4" type="cond" truecount="4" falsecount="0"/>
        <line num="7" count="3" type="cond" truecount="4" falsecount="0"/>
        <line num="8" count="2" type="cond" truecount="4" falsecount="0"/>
        <line num="9" count="1" type="stmt"/>
        <line num="11" count="5" type="stmt"/>
        <line num="14" count="1" type="stmt"/>
      </file>
    </package>
  </project>
</coverage>
