{"C:\\Users\\Devi Andri Aldi\\Documents\\altera\\materi-Day-2\\testing.js\\problem1\\promble1.js": {"path":"C:\\Users\\Devi Andri Aldi\\Documents\\altera\\materi-Day-2\\testing.js\\problem1\\promble1.js","statementMap":{"0":{"start":{"line":2,"column":2},"end":{"line":8,"column":3}},"1":{"start":{"line":3,"column":4},"end":{"line":3,"column":18}},"2":{"start":{"line":4,"column":9},"end":{"line":8,"column":3}},"3":{"start":{"line":5,"column":4},"end":{"line":5,"column":19}},"4":{"start":{"line":7,"column":4},"end":{"line":7,"column":13}},"5":{"start":{"line":11,"column":0},"end":{"line":11,"column":26}}},"fnMap":{"0":{"name":"absolute","decl":{"start":{"line":1,"column":9},"end":{"line":1,"column":17}},"loc":{"start":{"line":1,"column":26},"end":{"line":9,"column":1}},"line":1}},"branchMap":{"0":{"loc":{"start":{"line":2,"column":2},"end":{"line":8,"column":3}},"type":"if","locations":[{"start":{"line":2,"column":2},"end":{"line":8,"column":3}},{"start":{"line":4,"column":9},"end":{"line":8,"column":3}}],"line":2},"1":{"loc":{"start":{"line":4,"column":9},"end":{"line":8,"column":3}},"type":"if","locations":[{"start":{"line":4,"column":9},"end":{"line":8,"column":3}},{"start":{"line":6,"column":9},"end":{"line":8,"column":3}}],"line":4}},"s":{"0":3,"1":1,"2":2,"3":1,"4":1,"5":1},"f":{"0":3},"b":{"0":[1,2],"1":[1,1]},"_coverageSchema":"1a1c01bbd47fc00a2c39e90264f33305004495a9","hash":"36eb6f6d1c8a457c43c921227990d46d4ff94132"}
,"C:\\Users\\Devi Andri Aldi\\Documents\\altera\\materi-Day-2\\testing.js\\problem2\\problem2.js": {"path":"C:\\Users\\Devi Andri Aldi\\Documents\\altera\\materi-Day-2\\testing.js\\problem2\\problem2.js","statementMap":{"0":{"start":{"line":2,"column":15},"end":{"line":2,"column":17}},"1":{"start":{"line":4,"column":2},"end":{"line":9,"column":26}},"2":{"start":{"line":4,"column":33},"end":{"line":4,"column":46}},"3":{"start":{"line":5,"column":7},"end":{"line":9,"column":26}},"4":{"start":{"line":5,"column":39},"end":{"line":5,"column":52}},"5":{"start":{"line":6,"column":7},"end":{"line":9,"column":26}},"6":{"start":{"line":6,"column":39},"end":{"line":6,"column":52}},"7":{"start":{"line":7,"column":7},"end":{"line":9,"column":26}},"8":{"start":{"line":7,"column":39},"end":{"line":7,"column":53}},"9":{"start":{"line":8,"column":7},"end":{"line":9,"column":26}},"10":{"start":{"line":8,"column":40},"end":{"line":8,"column":53}},"11":{"start":{"line":9,"column":7},"end":{"line":9,"column":26}},"12":{"start":{"line":11,"column":2},"end":{"line":11,"column":16}},"13":{"start":{"line":14,"column":0},"end":{"line":14,"column":30}}},"fnMap":{"0":{"name":"studentSocre","decl":{"start":{"line":1,"column":9},"end":{"line":1,"column":21}},"loc":{"start":{"line":1,"column":29},"end":{"line":12,"column":1}},"line":1}},"branchMap":{"0":{"loc":{"start":{"line":4,"column":2},"end":{"line":9,"column":26}},"type":"if","locations":[{"start":{"line":4,"column":2},"end":{"line":9,"column":26}},{"start":{"line":5,"column":7},"end":{"line":9,"column":26}}],"line":4},"1":{"loc":{"start":{"line":4,"column":6},"end":{"line":4,"column":31}},"type":"binary-expr","locations":[{"start":{"line":4,"column":6},"end":{"line":4,"column":16}},{"start":{"line":4,"column":20},"end":{"line":4,"column":31}}],"line":4},"2":{"loc":{"start":{"line":5,"column":7},"end":{"line":9,"column":26}},"type":"if","locations":[{"start":{"line":5,"column":7},"end":{"line":9,"column":26}},{"start":{"line":6,"column":7},"end":{"line":9,"column":26}}],"line":5},"3":{"loc":{"start":{"line":5,"column":11},"end":{"line":5,"column":37}},"type":"binary-expr","locations":[{"start":{"line":5,"column":11},"end":{"line":5,"column":22}},{"start":{"line":5,"column":26},"end":{"line":5,"column":37}}],"line":5},"4":{"loc":{"start":{"line":6,"column":7},"end":{"line":9,"column":26}},"type":"if","locations":[{"start":{"line":6,"column":7},"end":{"line":9,"column":26}},{"start":{"line":7,"column":7},"end":{"line":9,"column":26}}],"line":6},"5":{"loc":{"start":{"line":6,"column":11},"end":{"line":6,"column":37}},"type":"binary-expr","locations":[{"start":{"line":6,"column":11},"end":{"line":6,"column":22}},{"start":{"line":6,"column":26},"end":{"line":6,"column":37}}],"line":6},"6":{"loc":{"start":{"line":7,"column":7},"end":{"line":9,"column":26}},"type":"if","locations":[{"start":{"line":7,"column":7},"end":{"line":9,"column":26}},{"start":{"line":8,"column":7},"end":{"line":9,"column":26}}],"line":7},"7":{"loc":{"start":{"line":7,"column":11},"end":{"line":7,"column":37}},"type":"binary-expr","locations":[{"start":{"line":7,"column":11},"end":{"line":7,"column":22}},{"start":{"line":7,"column":26},"end":{"line":7,"column":37}}],"line":7},"8":{"loc":{"start":{"line":8,"column":7},"end":{"line":9,"column":26}},"type":"if","locations":[{"start":{"line":8,"column":7},"end":{"line":9,"column":26}},{"start":{"line":9,"column":7},"end":{"line":9,"column":26}}],"line":8},"9":{"loc":{"start":{"line":8,"column":11},"end":{"line":8,"column":38}},"type":"binary-expr","locations":[{"start":{"line":8,"column":11},"end":{"line":8,"column":22}},{"start":{"line":8,"column":26},"end":{"line":8,"column":38}}],"line":8}},"s":{"0":5,"1":5,"2":1,"3":4,"4":0,"5":4,"6":1,"7":3,"8":1,"9":2,"10":1,"11":1,"12":5,"13":1},"f":{"0":5},"b":{"0":[1,4],"1":[5,5],"2":[0,4],"3":[4,4],"4":[1,3],"5":[4,4],"6":[1,2],"7":[3,3],"8":[1,1],"9":[2,2]},"_coverageSchema":"1a1c01bbd47fc00a2c39e90264f33305004495a9","hash":"3d023addb2f029887c532eeb0e9ac731feda720b"}
}
