TN:
SF:problem1\promble1.js
FN:1,absolute
FNF:1
FNH:1
FNDA:3,absolute
DA:2,3
DA:3,1
DA:4,2
DA:5,1
DA:7,1
DA:11,1
LF:6
LH:6
BRDA:2,0,0,1
BRDA:2,0,1,2
BRDA:4,1,0,1
BRDA:4,1,1,1
BRF:4
BRH:4
end_of_record
TN:
SF:problem2\problem2.js
FN:1,studentSocre
FNF:1
FNH:1
FNDA:5,studentSocre
DA:2,5
DA:4,5
DA:5,4
DA:6,4
DA:7,3
DA:8,2
DA:9,1
DA:11,5
DA:14,1
LF:9
LH:9
BRDA:4,0,0,1
BRDA:4,0,1,4
BRDA:4,1,0,5
BRDA:4,1,1,5
BRDA:5,2,0,0
BRDA:5,2,1,4
BRDA:5,3,0,4
BRDA:5,3,1,4
BRDA:6,4,0,1
BRDA:6,4,1,3
BRDA:6,5,0,4
BRDA:6,5,1,4
BRDA:7,6,0,1
BRDA:7,6,1,2
BRDA:7,7,0,3
BRDA:7,7,1,3
BRDA:8,8,0,1
BRDA:8,8,1,1
BRDA:8,9,0,2
BRDA:8,9,1,2
BRF:20
BRH:19
end_of_record
